Added Component: Designator=P4(Display)
Added Pin To Net: NetName=5V Pin=C1-1
Added Pin To Net: NetName=GND Pin=C1-2
Added Pin To Net: NetName=5V Pin=C2-1
Added Pin To Net: NetName=GND Pin=C2-2
Added Pin To Net: NetName=5V Pin=C3-1
Added Pin To Net: NetName=GND Pin=C3-2
Added Pin To Net: NetName=Vrect Pin=C4-1
Added Pin To Net: NetName=GND Pin=C4-2
Added Pin To Net: NetName=5V Pin=C5-1
Added Pin To Net: NetName=GND Pin=C5-2
Added Pin To Net: NetName=Vrect Pin=C6-1
Added Pin To Net: NetName=GND Pin=C6-2
Added Pin To Net: NetName=5V Pin=C7-1
Added Pin To Net: NetName=GND Pin=C7-2
Added Pin To Net: NetName=NetC8_1 Pin=C8-1
Added Pin To Net: NetName=NetC8_2 Pin=C8-2
Added Pin To Net: NetName=Vmeas Pin=C9-1
Added Pin To Net: NetName=GND Pin=C9-2
Added Pin To Net: NetName=NetC10_1 Pin=C10-1
Added Pin To Net: NetName=GND Pin=C10-2
Added Pin To Net: NetName=NetC11_1 Pin=C11-1
Added Pin To Net: NetName=NetC11_2 Pin=C11-2
Added Pin To Net: NetName=Imeas Pin=C12-1
Added Pin To Net: NetName=GND Pin=C12-2
Added Pin To Net: NetName=NetC13_1 Pin=C13-1
Added Pin To Net: NetName=GND Pin=C13-2
Added Pin To Net: NetName=NetC14_1 Pin=C14-1
Added Pin To Net: NetName=GND Pin=C14-2
Added Pin To Net: NetName=Vin Pin=D1-1
Added Pin To Net: NetName=NetD1_2 Pin=D1-2
Added Pin To Net: NetName=5V Pin=D2-1
Added Pin To Net: NetName=NetD2_2 Pin=D2-2
Added Pin To Net: NetName=Vsensp Pin=D3-1
Added Pin To Net: NetName=NetD3_2 Pin=D3-2
Added Pin To Net: NetName=GND Pin=D4-1
Added Pin To Net: NetName=NetD3_2 Pin=D4-2
Added Pin To Net: NetName=Isensp Pin=D5-1
Added Pin To Net: NetName=NetD5_2 Pin=D5-2
Added Pin To Net: NetName=GND Pin=D6-1
Added Pin To Net: NetName=NetD5_2 Pin=D6-2
Added Pin To Net: NetName=Vin Pin=J1-1
Added Pin To Net: NetName=GND Pin=J1-2
Added Pin To Net: NetName=GND Pin=J1-3
Added Pin To Net: NetName=Vin Pin=P1-1
Added Pin To Net: NetName=Isensp Pin=P1-2
Added Pin To Net: NetName=5V Pin=P2-1
Added Pin To Net: NetName=GND Pin=P2-2
Added Pin To Net: NetName=RX Pin=P2-3
Added Pin To Net: NetName=NetP2_4 Pin=P2-4
Added Pin To Net: NetName=5V Pin=P4-1
Added Pin To Net: NetName=5V Pin=P4-2
Added Pin To Net: NetName=GND Pin=P4-3
Added Pin To Net: NetName=GND Pin=P4-4
Added Pin To Net: NetName=DS1 Pin=P4-5
Added Pin To Net: NetName=DS1 Pin=P4-6
Added Pin To Net: NetName=DS2 Pin=P4-7
Added Pin To Net: NetName=DS2 Pin=P4-8
Added Pin To Net: NetName=DS3 Pin=P4-9
Added Pin To Net: NetName=DS3 Pin=P4-10
Added Pin To Net: NetName=DS4 Pin=P4-11
Added Pin To Net: NetName=DS4 Pin=P4-12
Added Pin To Net: NetName=LED1 Pin=P4-13
Added Pin To Net: NetName=LED1 Pin=P4-14
Added Pin To Net: NetName=LED2 Pin=P4-15
Added Pin To Net: NetName=LED2 Pin=P4-16
Added Pin To Net: NetName=LED3 Pin=P4-17
Added Pin To Net: NetName=LED3 Pin=P4-18
Added Pin To Net: NetName=LED4 Pin=P4-19
Added Pin To Net: NetName=LED4 Pin=P4-20
Added Pin To Net: NetName=SRCLR Pin=P4-21
Added Pin To Net: NetName=SRCLR Pin=P4-22
Added Pin To Net: NetName=SH_CP Pin=P4-23
Added Pin To Net: NetName=SH_CP Pin=P4-24
Added Pin To Net: NetName=SH_ST Pin=P4-25
Added Pin To Net: NetName=SH_ST Pin=P4-26
Added Pin To Net: NetName=OE Pin=P4-27
Added Pin To Net: NetName=OE Pin=P4-28
Added Pin To Net: NetName=SH_DS Pin=P4-29
Added Pin To Net: NetName=SH_DS Pin=P4-30
Added Pin To Net: NetName=5V Pin=P4-31
Added Pin To Net: NetName=5V Pin=P4-32
Added Pin To Net: NetName=NetD1_2 Pin=R1-1
Added Pin To Net: NetName=Vrect Pin=R1-2
Added Pin To Net: NetName=GND Pin=R2-1
Added Pin To Net: NetName=NetD2_2 Pin=R2-2
Added Pin To Net: NetName=Vsensp Pin=R3-1
Added Pin To Net: NetName=Vin Pin=R3-2
Added Pin To Net: NetName=GND Pin=R4-1
Added Pin To Net: NetName=Vsensp Pin=R4-2
Added Pin To Net: NetName=GND Pin=R5-1
Added Pin To Net: NetName=Isensp Pin=R5-2
Added Pin To Net: NetName=GND Pin=R6-1
Added Pin To Net: NetName=Isensp Pin=R6-2
Added Pin To Net: NetName=NetC8_2 Pin=R7-1
Added Pin To Net: NetName=NetC8_1 Pin=R7-2
Added Pin To Net: NetName=NetC8_2 Pin=R8-1
Added Pin To Net: NetName=GND Pin=R8-2
Added Pin To Net: NetName=Vmeas Pin=R9-1
Added Pin To Net: NetName=NetC8_1 Pin=R9-2
Added Pin To Net: NetName=NetC10_1 Pin=R10-1
Added Pin To Net: NetName=Vsensp Pin=R10-2
Added Pin To Net: NetName=Offset Pin=R11-1
Added Pin To Net: NetName=NetC10_1 Pin=R11-2
Added Pin To Net: NetName=NetC11_2 Pin=R12-1
Added Pin To Net: NetName=NetC11_1 Pin=R12-2
Added Pin To Net: NetName=NetC11_2 Pin=R13-1
Added Pin To Net: NetName=GND Pin=R13-2
Added Pin To Net: NetName=5V Pin=R14-1
Added Pin To Net: NetName=NetC14_1 Pin=R14-2
Added Pin To Net: NetName=Imeas Pin=R15-1
Added Pin To Net: NetName=NetC11_1 Pin=R15-2
Added Pin To Net: NetName=TX Pin=R16-1
Added Pin To Net: NetName=NetP2_4 Pin=R16-2
Added Pin To Net: NetName=NetC13_1 Pin=R17-1
Added Pin To Net: NetName=Isensp Pin=R17-2
Added Pin To Net: NetName=Offset Pin=R18-1
Added Pin To Net: NetName=NetC13_1 Pin=R18-2
Added Pin To Net: NetName=GND Pin=R19-1
Added Pin To Net: NetName=NetC14_1 Pin=R19-2
Added Pin To Net: NetName=GND Pin=R20-1
Added Pin To Net: NetName=NetP2_4 Pin=R20-2
Added Pin To Net: NetName=5V Pin=TP_5V-1
Added Pin To Net: NetName=GND Pin=TP_GND1-1
Added Pin To Net: NetName=GND Pin=TP_GND2-1
Added Pin To Net: NetName=Offset Pin=TP_Offset-1
Added Pin To Net: NetName=TX Pin=TP_Tx-1
Added Pin To Net: NetName=Imeas Pin=TP_Vif-1
Added Pin To Net: NetName=Vmeas Pin=TP_Vvf-1
Added Pin To Net: NetName=Vzc Pin=TP_Vzc-1
Added Pin To Net: NetName=5V Pin=U1-1
Added Pin To Net: NetName=GND Pin=U1-2
Added Pin To Net: NetName=Vrect Pin=U1-3
Added Pin To Net: NetName=GND Pin=U2-9
Added Pin To Net: NetName=GND Pin=U2-10
Added Pin To Net: NetName=Vmeas Pin=U2-13
Added Pin To Net: NetName=Imeas Pin=U2-14
Added Pin To Net: NetName=Offset Pin=U2-15
Added Pin To Net: NetName=SH_CP Pin=U2-16
Added Pin To Net: NetName=SH_DS Pin=U2-17
Added Pin To Net: NetName=SH_ST Pin=U2-18
Added Pin To Net: NetName=RX Pin=U2-19
Added Pin To Net: NetName=TX Pin=U2-20
Added Pin To Net: NetName=Vzc Pin=U2-21
Added Pin To Net: NetName=DS1 Pin=U2-23
Added Pin To Net: NetName=DS2 Pin=U2-24
Added Pin To Net: NetName=DS3 Pin=U2-25
Added Pin To Net: NetName=DS4 Pin=U2-26
Added Pin To Net: NetName=GND Pin=U2-33
Added Pin To Net: NetName=NetC11_1 Pin=U3-1
Added Pin To Net: NetName=NetC11_2 Pin=U3-2
Added Pin To Net: NetName=NetC13_1 Pin=U3-3
Added Pin To Net: NetName=5V Pin=U3-4
Added Pin To Net: NetName=NetC10_1 Pin=U3-5
Added Pin To Net: NetName=NetC8_2 Pin=U3-6
Added Pin To Net: NetName=NetC8_1 Pin=U3-7
Added Pin To Net: NetName=Vzc Pin=U3-8
Added Pin To Net: NetName=Offset Pin=U3-9
Added Pin To Net: NetName=Vmeas Pin=U3-10
Added Pin To Net: NetName=GND Pin=U3-11
Added Pin To Net: NetName=NetC14_1 Pin=U3-12
Added Pin To Net: NetName=Offset Pin=U3-13
Added Pin To Net: NetName=Offset Pin=U3-14
Added Member To Class: ClassName=EE209_Schematic Member=Component C1 *
Added Member To Class: ClassName=EE209_Schematic Member=Component C2 *
Added Member To Class: ClassName=EE209_Schematic Member=Component C3 *
Added Member To Class: ClassName=EE209_Schematic Member=Component C4 *
Added Member To Class: ClassName=EE209_Schematic Member=Component C5 *
Added Member To Class: ClassName=EE209_Schematic Member=Component C6 *
Added Member To Class: ClassName=EE209_Schematic Member=Component C7 *
Added Member To Class: ClassName=EE209_Schematic Member=Component C8 *
Added Member To Class: ClassName=EE209_Schematic Member=Component C9 *
Added Member To Class: ClassName=EE209_Schematic Member=Component C10 *
Added Member To Class: ClassName=EE209_Schematic Member=Component C11 *
Added Member To Class: ClassName=EE209_Schematic Member=Component C12 *
Added Member To Class: ClassName=EE209_Schematic Member=Component C13 *
Added Member To Class: ClassName=EE209_Schematic Member=Component C14 *
Added Member To Class: ClassName=EE209_Schematic Member=Component D1 1N4007
Added Member To Class: ClassName=EE209_Schematic Member=Component D2 Green
Added Member To Class: ClassName=EE209_Schematic Member=Component D3 BZX79-CXVX
Added Member To Class: ClassName=EE209_Schematic Member=Component D4 BZX79-CXVX
Added Member To Class: ClassName=EE209_Schematic Member=Component D5 BZX79-CXVX
Added Member To Class: ClassName=EE209_Schematic Member=Component D6 BZX79-CXVX
Added Member To Class: ClassName=EE209_Schematic Member=Component J1 DC barrel jack
Added Member To Class: ClassName=EE209_Schematic Member=Component P1 Dual Banana Plugs
Added Member To Class: ClassName=EE209_Schematic Member=Component P2 BLE Module Header
Added Member To Class: ClassName=EE209_Schematic Member=Component P4 Display
Added Member To Class: ClassName=EE209_Schematic Member=Component R1 *
Added Member To Class: ClassName=EE209_Schematic Member=Component R2 *
Added Member To Class: ClassName=EE209_Schematic Member=Component R3 *
Added Member To Class: ClassName=EE209_Schematic Member=Component R4 *
Added Member To Class: ClassName=EE209_Schematic Member=Component R5 *
Added Member To Class: ClassName=EE209_Schematic Member=Component R6 *
Added Member To Class: ClassName=EE209_Schematic Member=Component R7 *
Added Member To Class: ClassName=EE209_Schematic Member=Component R8 *
Added Member To Class: ClassName=EE209_Schematic Member=Component R9 *
Added Member To Class: ClassName=EE209_Schematic Member=Component R10 *
Added Member To Class: ClassName=EE209_Schematic Member=Component R11 *
Added Member To Class: ClassName=EE209_Schematic Member=Component R12 *
Added Member To Class: ClassName=EE209_Schematic Member=Component R13 *
Added Member To Class: ClassName=EE209_Schematic Member=Component R14 *
Added Member To Class: ClassName=EE209_Schematic Member=Component R15 *
Added Member To Class: ClassName=EE209_Schematic Member=Component R16 *
Added Member To Class: ClassName=EE209_Schematic Member=Component R17 *
Added Member To Class: ClassName=EE209_Schematic Member=Component R18 *
Added Member To Class: ClassName=EE209_Schematic Member=Component R19 *
Added Member To Class: ClassName=EE209_Schematic Member=Component R20 *
Added Member To Class: ClassName=EE209_Schematic Member=Component TP_5V 5003
Added Member To Class: ClassName=EE209_Schematic Member=Component TP_GND1 5003
Added Member To Class: ClassName=EE209_Schematic Member=Component TP_GND2 5003
Added Member To Class: ClassName=EE209_Schematic Member=Component TP_Offset 5003
Added Member To Class: ClassName=EE209_Schematic Member=Component TP_Tx 5003
Added Member To Class: ClassName=EE209_Schematic Member=Component TP_Vif 5003
Added Member To Class: ClassName=EE209_Schematic Member=Component TP_Vvf 5003
Added Member To Class: ClassName=EE209_Schematic Member=Component TP_Vzc 5003
Added Member To Class: ClassName=EE209_Schematic Member=Component U1 L78L05ACZ
Added Member To Class: ClassName=EE209_Schematic Member=Component U2 ATmega328PB Xplained Mini Header
Added Member To Class: ClassName=EE209_Schematic Member=Component U3 LM324
