Removed Pin From Net: NetName=NetC1_1 Pin=U3-1
Removed Pin From Net: NetName=NetC1_2 Pin=U3-2
Removed Pin From Net: NetName=NetC2_1 Pin=U3-3
Removed Pin From Net: NetName=NetC4_1 Pin=U3-5
Removed Pin From Net: NetName=NetC3_2 Pin=U3-6
Removed Pin From Net: NetName=NetC3_1 Pin=U3-7
Removed Member From Class: ClassName=EE209_Sch_Team08 Member=Cfv
Removed Member From Class: ClassName=EE209_Sch_Team08 Member=Cin
Removed Member From Class: ClassName=EE209_Sch_Team08 Member=Cout
Change Component Designator: OldDesignator=C1 NewDesignator=C8
Change Component Designator: OldDesignator=C2 NewDesignator=C10
Change Component Designator: OldDesignator=C3 NewDesignator=C11
Change Component Designator: OldDesignator=C4 NewDesignator=C13
Change Component Designator: OldDesignator=C5 NewDesignator=C14
Change Component Designator: OldDesignator=C6 NewDesignator=C4
Change Component Designator: OldDesignator=C7 NewDesignator=C5
Change Component Designator: OldDesignator=C8 NewDesignator=C1
Change Component Designator: OldDesignator=C9 NewDesignator=C2
Change Component Designator: OldDesignator=C10 NewDesignator=C3
Change Component Designator: OldDesignator=Cfi NewDesignator=C12
Change Component Designator: OldDesignator=Cfv NewDesignator=C9
Change Component Designator: OldDesignator=Cin NewDesignator=C6
Change Component Designator: OldDesignator=Cout NewDesignator=C7
Change Component Designator: OldDesignator=D1 NewDesignator=D3
Change Component Designator: OldDesignator=D2 NewDesignator=D4
Change Component Designator: OldDesignator=D3 NewDesignator=D5
Change Component Designator: OldDesignator=D4 NewDesignator=D6
Change Component Designator: OldDesignator=D5 NewDesignator=D1
Change Component Designator: OldDesignator=D6 NewDesignator=D2
Change Component Designator: OldDesignator=Rble1 NewDesignator=R16
Change Component Designator: OldDesignator=Rble2 NewDesignator=R20
Change Component Designator: OldDesignator=Rfi NewDesignator=R15
Change Component Designator: OldDesignator=Rfv NewDesignator=R9
Change Component Designator: OldDesignator=Ri1 NewDesignator=R17
Change Component Designator: OldDesignator=Ri2 NewDesignator=R13
Change Component Designator: OldDesignator=Ri3 NewDesignator=R12
Change Component Designator: OldDesignator=Ri4 NewDesignator=R18
Change Component Designator: OldDesignator=Rin NewDesignator=R1
Change Component Designator: OldDesignator=Ris1 NewDesignator=R5
Change Component Designator: OldDesignator=Ris2 NewDesignator=R6
Change Component Designator: OldDesignator=Roff1 NewDesignator=R14
Change Component Designator: OldDesignator=Roff2 NewDesignator=R19
Change Component Designator: OldDesignator=Rout NewDesignator=R2
Change Component Designator: OldDesignator=Rv1 NewDesignator=R10
Change Component Designator: OldDesignator=Rv2 NewDesignator=R8
Change Component Designator: OldDesignator=Rv3 NewDesignator=R7
Change Component Designator: OldDesignator=Rv4 NewDesignator=R11
Change Component Designator: OldDesignator=Rvs1 NewDesignator=R3
Change Component Designator: OldDesignator=Rvs2 NewDesignator=R4
Added Pin To Net: NetName=NetC3_1 Pin=U3-1
Added Pin To Net: NetName=NetC3_2 Pin=U3-2
Added Pin To Net: NetName=NetC4_1 Pin=U3-3
Added Pin To Net: NetName=NetC2_1 Pin=U3-5
Added Pin To Net: NetName=NetC1_2 Pin=U3-6
Added Pin To Net: NetName=NetC1_1 Pin=U3-7
Change Net Name : Old Net Name=NetC1_1 New Net Name=NetC8_1
Change Net Name : Old Net Name=NetC1_2 New Net Name=NetC8_2
Change Net Name : Old Net Name=NetC2_1 New Net Name=NetC10_1
Change Net Name : Old Net Name=NetC3_1 New Net Name=NetC11_1
Change Net Name : Old Net Name=NetC3_2 New Net Name=NetC11_2
Change Net Name : Old Net Name=NetC4_1 New Net Name=NetC13_1
Change Net Name : Old Net Name=NetC5_1 New Net Name=NetC14_1
Change Net Name : Old Net Name=NetD1_2 New Net Name=NetD3_2
Change Net Name : Old Net Name=NetD3_2 New Net Name=NetD5_2
Change Net Name : Old Net Name=NetD5_2 New Net Name=NetD1_2
Change Net Name : Old Net Name=NetD6_2 New Net Name=NetD2_2
Added Member To Class: ClassName=EE209_Sch_Team08 Member=Component C11 *
Added Member To Class: ClassName=EE209_Sch_Team08 Member=Component C13 *
Added Member To Class: ClassName=EE209_Sch_Team08 Member=Component C14 *
