Removed Pin From Net: NetName=GND Pin=R8-1
Removed Pin From Net: NetName=NetC8_2 Pin=R8-2
Removed Pin From Net: NetName=NetC8_1 Pin=R9-1
Removed Pin From Net: NetName=Vmeas Pin=R9-2
Removed Pin From Net: NetName=Vsensp Pin=R10-1
Removed Pin From Net: NetName=NetC10_1 Pin=R10-2
Removed Pin From Net: NetName=GND Pin=R13-1
Removed Pin From Net: NetName=NetC11_2 Pin=R13-2
Removed Pin From Net: NetName=NetC11_1 Pin=R15-1
Removed Pin From Net: NetName=Imeas Pin=R15-2
Removed Pin From Net: NetName=Isensp Pin=R17-1
Removed Pin From Net: NetName=NetC13_1 Pin=R17-2
Added Pin To Net: NetName=NetC8_2 Pin=R8-1
Added Pin To Net: NetName=GND Pin=R8-2
Added Pin To Net: NetName=Vmeas Pin=R9-1
Added Pin To Net: NetName=NetC8_1 Pin=R9-2
Added Pin To Net: NetName=NetC10_1 Pin=R10-1
Added Pin To Net: NetName=Vsensp Pin=R10-2
Added Pin To Net: NetName=NetC11_2 Pin=R13-1
Added Pin To Net: NetName=GND Pin=R13-2
Added Pin To Net: NetName=Imeas Pin=R15-1
Added Pin To Net: NetName=NetC11_1 Pin=R15-2
Added Pin To Net: NetName=NetC13_1 Pin=R17-1
Added Pin To Net: NetName=Isensp Pin=R17-2
